
  \{^_^}/ hi!

  Loading db.json
  Done

  Resources
  http://localhost:9090/todos

  Home
  http://localhost:9090

  Type s + enter at any time to create a snapshot of the database
  Watching...

Cannot bind to the port 9090. Please specify another port number either through --port argument or through the json-server.json configuration file

  \{^_^}/ hi!

  Loading db.json
  Done

  Resources
  http://localhost:9095/todos

  Home
  http://localhost:9095

  Type s + enter at any time to create a snapshot of the database
  Watching...

  Error, can't read from stdin
  Creating a snapshot from the CLI won't be possible
[0mGET /todos [32m200 [0m8.684 ms - 165[0m
[0mGET /todos [36m304 [0m6.536 ms - -[0m
[0mGET /todos [36m304 [0m4.346 ms - -[0m
[0mGET /todos [36m304 [0m3.941 ms - -[0m
