
  \{^_^}/ hi!

  Loading db.json
  Done

  Resources
  http://localhost:9095/todos

  Home
  http://localhost:9095

  Type s + enter at any time to create a snapshot of the database
  Watching...

  Error, can't read from stdin
  Creating a snapshot from the CLI won't be possible
[0mGET /todos [36m304 [0m16.307 ms - -[0m
[0mGET /todos [36m304 [0m4.460 ms - -[0m
[0mGET /todos [36m304 [0m3.028 ms - -[0m
[0mGET /todos [36m304 [0m3.694 ms - -[0m
[0mGET /todos [36m304 [0m2.979 ms - -[0m
[0mGET /todos [36m304 [0m3.038 ms - -[0m
[0mGET /todos [36m304 [0m2.972 ms - -[0m
[0mGET /todos [36m304 [0m2.609 ms - -[0m
[0mGET /todos [36m304 [0m2.891 ms - -[0m
[0mGET /todos [36m304 [0m3.840 ms - -[0m
[0mGET /todos [36m304 [0m3.694 ms - -[0m
[0mGET /todos [36m304 [0m2.675 ms - -[0m
[0mGET /todos [36m304 [0m3.043 ms - -[0m
[0mGET /todos [36m304 [0m2.048 ms - -[0m
[0mGET /todos [36m304 [0m3.089 ms - -[0m
[0mGET /todos [36m304 [0m3.049 ms - -[0m
[0mGET /todos [36m304 [0m2.623 ms - -[0m
[0mGET /todos [36m304 [0m12.382 ms - -[0m
[0mGET /todos [36m304 [0m3.484 ms - -[0m
[0mGET /todos [36m304 [0m5.169 ms - -[0m
[0mGET /todos [36m304 [0m2.989 ms - -[0m
[0mGET /todos [36m304 [0m2.803 ms - -[0m
[0mGET /todos [36m304 [0m2.884 ms - -[0m
[0mGET /todos [36m304 [0m2.598 ms - -[0m
[0mGET /todos [36m304 [0m2.609 ms - -[0m
[0mGET /todos [36m304 [0m2.879 ms - -[0m
[0mGET /todos [36m304 [0m2.901 ms - -[0m
[0mGET /todos [36m304 [0m2.621 ms - -[0m
[0mGET /todos [36m304 [0m3.379 ms - -[0m
[0mGET /todos [36m304 [0m2.976 ms - -[0m
[0mGET /todos [36m304 [0m3.240 ms - -[0m
[0mGET /todos [36m304 [0m2.614 ms - -[0m
[0mGET /todos [32m200 [0m2.599 ms - 165[0m
[0mGET /todos [36m304 [0m2.851 ms - -[0m
[0mGET /todos [36m304 [0m2.862 ms - -[0m
[0mGET /todos [36m304 [0m2.656 ms - -[0m
[0mGET /todos [36m304 [0m3.922 ms - -[0m
[0mGET /todos [36m304 [0m3.640 ms - -[0m
[0mGET /todos [36m304 [0m4.055 ms - -[0m
[0mGET /todos [36m304 [0m4.077 ms - -[0m
[0mGET /todos [36m304 [0m3.169 ms - -[0m
[0mGET /todos [36m304 [0m3.877 ms - -[0m
[0mGET /todos [36m304 [0m4.249 ms - -[0m
[0mPOST /todos [32m201 [0m22.018 ms - 320[0m
[0mPOST /todos [32m201 [0m6.697 ms - 123[0m
[0mPOST / [33m404 [0m2.627 ms - 2[0m
[0mGET /todos [32m200 [0m4.351 ms - 682[0m
  Error reading /home/loia5tqd001/Desktop/LearnWebCoderTokyo/HTMLBasic/TodoList/db.json
No data, empty input at 1:1

^
  Read error has been fixed :)
  db.json has changed, reloading...

  Loading db.json
  Done

  Resources
  http://localhost:9095/todos

  Home
  http://localhost:9095

[0mGET /todos [32m200 [0m4.084 ms - 165[0m
[0mPOST / [33m404 [0m2.109 ms - 2[0m
[0mGET /todos [36m304 [0m3.125 ms - -[0m
[0mPUT /todos [33m404 [0m3.369 ms - 2[0m
[0mPUT /todos [33m404 [0m2.854 ms - 2[0m
[0mGET /todos [36m304 [0m4.679 ms - -[0m
[0mPUT /todos [33m404 [0m4.890 ms - 2[0m
[0mGET /todos [36m304 [0m3.308 ms - -[0m
[0mGET /todos [36m304 [0m2.936 ms - -[0m
[0mGET /todos [36m304 [0m3.227 ms - -[0m
[0mGET /todos [36m304 [0m2.890 ms - -[0m
[0mPUT /todos [33m404 [0m3.187 ms - 2[0m
[0mPUT /todos [33m404 [0m3.603 ms - 2[0m
[0mPUT /todos [33m404 [0m4.126 ms - 2[0m
[0mPUT /todos [33m404 [0m3.104 ms - 2[0m
[0mGET /todos [36m304 [0m4.306 ms - -[0m
[0mPUT / [33m404 [0m1.859 ms - 2[0m
[0mPUT / [33m404 [0m3.297 ms - 2[0m
[0mPUT /todos [33m404 [0m3.513 ms - 2[0m
[0mPUT /todos [33m404 [0m3.869 ms - 2[0m
[0mPUT /todos [33m404 [0m2.794 ms - 2[0m
[0mPUT /todos [33m404 [0m2.932 ms - 2[0m
[0mDELETE /todos [33m404 [0m4.526 ms - 2[0m
[0mDELETE /todos [33m404 [0m3.596 ms - 2[0m
[0mPUT /todos [33m404 [0m5.218 ms - 2[0m
[0mPUT /todos [33m404 [0m4.923 ms - 2[0m
[0mGET /todos [36m304 [0m3.769 ms - -[0m
[0mPUT /todos [33m404 [0m5.013 ms - 2[0m
[0mGET /todos [36m304 [0m4.201 ms - -[0m
[0mGET /todos [36m304 [0m2.867 ms - -[0m
[0mPUT /todos [33m404 [0m4.978 ms - 2[0m
[0mPUT /todos [33m404 [0m2.739 ms - 2[0m
[0mGET /todos/1 [32m200 [0m4.479 ms - 42[0m
[0mGET /todos/1 [36m304 [0m3.411 ms - -[0m
[0mPUT /todos/0 [33m404 [0m9.492 ms - 2[0m
[0mPUT /todos/1 [32m200 [0m7.513 ms - 46[0m
[0mPUT /todos/3 [32m200 [0m7.175 ms - 33[0m
[0mPUT /todos/2 [32m200 [0m8.007 ms - 45[0m
  db.json has changed, reloading...

  Loading db.json
  Done

  Resources
  http://localhost:9095/todos

  Home
  http://localhost:9095

  db.json has changed, reloading...

  Loading db.json
  Done

  Resources
  http://localhost:9095/todos

  Home
  http://localhost:9095

[0mGET /todos/0 [33m404 [0m3.697 ms - 2[0m
[0mGET /todos/1 [32m200 [0m4.823 ms - 46[0m
[0mPUT /todos/1 [32m200 [0m5.785 ms - 42[0m
[0mPUT /todos/2 [32m200 [0m5.526 ms - 46[0m
[0mPUT /todos/3 [32m200 [0m3.892 ms - 45[0m
[0mPUT /todos/4 [33m404 [0m3.719 ms - 2[0m
  db.json has changed, reloading...

  Loading db.json
  Done

  Resources
  http://localhost:9095/todos

  Home
  http://localhost:9095

  db.json has changed, reloading...

  Loading db.json
  Done

  Resources
  http://localhost:9095/todos

  Home
  http://localhost:9095

[0mPUT /todos/1 [32m200 [0m9.297 ms - 42[0m
[0mPUT /todos/2 [32m200 [0m9.128 ms - 46[0m
[0mPUT /todos/3 [32m200 [0m8.271 ms - 45[0m
[0mPUT /todos/4 [33m404 [0m9.038 ms - 2[0m
[0mGET /todos/4 [33m404 [0m3.617 ms - 2[0m
[0mGET /todos/0 [33m404 [0m2.876 ms - 2[0m
[0mPUT /todos/1 [32m200 [0m5.267 ms - 42[0m
[0mPUT /todos/2 [32m200 [0m6.100 ms - 46[0m
[0mPUT /todos/3 [32m200 [0m4.235 ms - 45[0m
[0mPUT /todos/4 [33m404 [0m3.897 ms - 2[0m
[0mPUT /todos/1 [32m200 [0m5.371 ms - 42[0m
[0mPUT /todos/2 [32m200 [0m4.377 ms - 46[0m
[0mPUT /todos/3 [32m200 [0m3.986 ms - 45[0m
[0mPUT /todos/4 [33m404 [0m3.745 ms - 2[0m
[0mPUT /todos/1 [32m200 [0m6.679 ms - 42[0m
[0mPUT /todos/2 [32m200 [0m6.190 ms - 46[0m
[0mPUT /todos/3 [32m200 [0m5.913 ms - 45[0m
[0mPUT /todos/4 [33m404 [0m4.493 ms - 2[0m
[0mPUT /todos/1 [32m200 [0m4.897 ms - 42[0m
[0mPUT /todos/2 [32m200 [0m5.370 ms - 46[0m
[0mPUT /todos/3 [32m200 [0m4.813 ms - 45[0m
[0mPUT /todos/4 [33m404 [0m5.138 ms - 2[0m
[0mPUT /todos/1 [32m200 [0m3.414 ms - 42[0m
[0mPUT /todos/2 [32m200 [0m4.658 ms - 46[0m
[0mPUT /todos/3 [32m200 [0m4.924 ms - 45[0m
[0mPUT /todos/4 [33m404 [0m4.656 ms - 2[0m
[0mPUT /todos [33m404 [0m5.943 ms - 2[0m
[0mPUT /todos/1 [32m200 [0m6.214 ms - 42[0m
[0mPUT /todos/4 [33m404 [0m5.388 ms - 2[0m
[0mPUT /todos/3 [32m200 [0m4.783 ms - 45[0m
[0mPUT /todos/2 [32m200 [0m4.222 ms - 46[0m
[0mPUT /todos/1 [32m200 [0m6.221 ms - 42[0m
[0mPUT /todos/0 [33m404 [0m5.921 ms - 2[0m
[0mPUT /todos/2 [32m200 [0m5.428 ms - 46[0m
[0mPUT /todos/3 [32m200 [0m4.520 ms - 45[0m
[0mPUT /todos/4 [33m404 [0m4.960 ms - 2[0m
[0mPUT /todos/0 [33m404 [0m4.664 ms - 2[0m
[0mPUT /todos/1 [32m200 [0m5.020 ms - 42[0m
[0mPUT /todos/2 [32m200 [0m4.823 ms - 46[0m
[0mPUT /todos/3 [32m200 [0m5.279 ms - 45[0m
[0mPUT /todos/4 [33m404 [0m4.886 ms - 2[0m
[0mPUT /todos/data [33m404 [0m8.953 ms - 2[0m
[0mPUT /todos/1 [32m200 [0m8.172 ms - 42[0m
[0mPUT /todos/3 [32m200 [0m7.379 ms - 45[0m
[0mPUT /todos/2 [32m200 [0m8.299 ms - 46[0m
[0mPUT /todos/4 [33m404 [0m8.271 ms - 2[0m
[0mPUT /todos/data [33m404 [0m3.704 ms - 2[0m
[0mPUT /data [33m404 [0m3.178 ms - 2[0m
[0mGET /todos [36m304 [0m4.817 ms - -[0m
[0mPOST /todos [32m201 [0m10.915 ms - 82[0m
[0mDELETE /todos/undefined [33m404 [0m4.366 ms - 2[0m
[0mGET /todos [32m200 [0m3.988 ms - 263[0m
[0mDELETE /todos/undefined [33m404 [0m3.939 ms - 2[0m
[0mPOST /todos [32m201 [0m2.089 ms - 82[0m
  db.json has changed, reloading...

  Loading db.json
  Done

  Resources
  http://localhost:9095/todos

  Home
  http://localhost:9095

  db.json has changed, reloading...

  Loading db.json
  Done

  Resources
  http://localhost:9095/todos

  Home
  http://localhost:9095

[0mGET /todos [32m200 [0m3.546 ms - 361[0m
[0mDELETE /todos/undefined [33m404 [0m3.350 ms - 2[0m
[0mPOST /todos [32m201 [0m3.308 ms - 252[0m
  db.json has changed, reloading...

  Loading db.json
  Done

  Resources
  http://localhost:9095/todos

  Home
  http://localhost:9095

  db.json has changed, reloading...

  Loading db.json
  Done

  Resources
  http://localhost:9095/todos

  Home
  http://localhost:9095

  Error reading /home/loia5tqd001/Desktop/LearnWebCoderTokyo/HTMLBasic/TodoList/db.json
No data, empty input at 1:1

^
  Read error has been fixed :)
  db.json has changed, reloading...

  Loading db.json
  Done

  Resources
  http://localhost:9095/todos

  Home
  http://localhost:9095

(node:18468) MaxListenersExceededWarning: Possible EventEmitter memory leak detected. 11 uncaughtException listeners added. Use emitter.setMaxListeners() to increase limit
[0mGET /todos [32m200 [0m2.970 ms - 2[0m
[0mDELETE /todos/undefined [33m404 [0m3.350 ms - 2[0m
[0mPOST /todos [32m201 [0m4.028 ms - 252[0m
  Error reading /home/loia5tqd001/Desktop/LearnWebCoderTokyo/HTMLBasic/TodoList/db.json
No data, empty input at 1:1

^
  Read error has been fixed :)
  db.json has changed, reloading...

  Loading db.json
  Done

  Resources
  http://localhost:9095/todos

  Home
  http://localhost:9095

[0mGET /todos [32m200 [0m3.068 ms - 2[0m
[0mPOST / [33m404 [0m2.598 ms - 2[0m
[0mDELETE /todos/undefined [33m404 [0m5.549 ms - 2[0m
[0mGET /todos [36m304 [0m2.826 ms - -[0m
[0mDELETE /todos/undefined [33m404 [0m4.723 ms - 2[0m
[0mPOST /todos [32m201 [0m3.883 ms - 320[0m
  db.json has changed, reloading...

  Loading db.json
  Done

  Resources
  http://localhost:9095/todos

  Home
  http://localhost:9095

  db.json has changed, reloading...

  Loading db.json
  Done

  Resources
  http://localhost:9095/todos

  Home
  http://localhost:9095

[0mGET /todos [32m200 [0m3.010 ms - 374[0m
[0mDELETE /todos/undefined [33m404 [0m3.659 ms - 2[0m
[0mPOST /todos [32m201 [0m4.050 ms - 42[0m
  db.json has changed, reloading...

  Loading db.json
  Done

  Resources
  http://localhost:9095/todos

  Home
  http://localhost:9095

  db.json has changed, reloading...

  Loading db.json
  Done

  Resources
  http://localhost:9095/todos

  Home
  http://localhost:9095

  Error reading /home/loia5tqd001/Desktop/LearnWebCoderTokyo/HTMLBasic/TodoList/db.json
No data, empty input at 1:1

^
  Read error has been fixed :)
  db.json has changed, reloading...

  Loading db.json
  Done

  Resources
  http://localhost:9095/todos

  Home
  http://localhost:9095

[0mGET /todos [32m200 [0m3.126 ms - 2[0m
[0mDELETE /todos/undefined [33m404 [0m3.658 ms - 2[0m
[0mPOST /todos [32m201 [0m3.654 ms - 42[0m
  db.json has changed, reloading...

  Loading db.json
  Done

  Resources
  http://localhost:9095/todos

  Home
  http://localhost:9095

  db.json has changed, reloading...

  Loading db.json
  Done

  Resources
  http://localhost:9095/todos

  Home
  http://localhost:9095

[0mGET /todos [32m200 [0m3.787 ms - 54[0m
[0mDELETE /todos/undefined [33m404 [0m2.136 ms - 2[0m
[0mPOST /todos [32m201 [0m3.359 ms - 42[0m
  Error reading /home/loia5tqd001/Desktop/LearnWebCoderTokyo/HTMLBasic/TodoList/db.json
No data, empty input at 1:1

^
  Read error has been fixed :)
  db.json has changed, reloading...

  Loading db.json
  Done

  Resources
  http://localhost:9095/todos

  Home
  http://localhost:9095

[0mGET /todos [32m200 [0m3.673 ms - 2[0m
[0mDELETE /todos/undefined [33m404 [0m3.717 ms - 2[0m
[0mPOST /todos [32m201 [0m3.108 ms - 288[0m
  db.json has changed, reloading...

  Loading db.json
  Done

  Resources
  http://localhost:9095/todos

  Home
  http://localhost:9095

  db.json has changed, reloading...

  Loading db.json
  Done

  Resources
  http://localhost:9095/todos

  Home
  http://localhost:9095

[0mGET /todos [32m200 [0m4.959 ms - 338[0m
[0mDELETE /todos/undefined [33m404 [0m4.165 ms - 2[0m
[0mPOST /todos [32m201 [0m3.197 ms - 42[0m
  db.json has changed, reloading...

  Loading db.json
  Done

  Resources
  http://localhost:9095/todos

  Home
  http://localhost:9095

  db.json has changed, reloading...

  Loading db.json
  Done

  Resources
  http://localhost:9095/todos

  Home
  http://localhost:9095

  Error reading /home/loia5tqd001/Desktop/LearnWebCoderTokyo/HTMLBasic/TodoList/db.json
No data, empty input at 1:1

^
  Read error has been fixed :)
  db.json has changed, reloading...

  Loading db.json
  Done

  Resources
  http://localhost:9095/todos

  Home
  http://localhost:9095

[0mGET /todos [32m200 [0m3.560 ms - 2[0m
[0mDELETE /todos/undefined [33m404 [0m3.890 ms - 2[0m
Error: Insert failed, duplicate id
    at Function.insert (/usr/local/lib/node_modules/json-server/node_modules/lodash-id/src/index.js:49:18)
    at /usr/local/lib/node_modules/json-server/node_modules/lodash/lodash.js:4368:28
    at arrayReduce (/usr/local/lib/node_modules/json-server/node_modules/lodash/lodash.js:683:21)
    at baseWrapperValue (/usr/local/lib/node_modules/json-server/node_modules/lodash/lodash.js:4367:14)
    at LodashWrapper.wrapperValue (/usr/local/lib/node_modules/json-server/node_modules/lodash/lodash.js:9050:14)
    at create (/usr/local/lib/node_modules/json-server/lib/server/router/plural.js:235:48)
    at Layer.handle [as handle_request] (/usr/local/lib/node_modules/json-server/node_modules/express/lib/router/layer.js:95:5)
    at next (/usr/local/lib/node_modules/json-server/node_modules/express/lib/router/route.js:137:13)
    at next (/usr/local/lib/node_modules/json-server/node_modules/express/lib/router/route.js:131:14)
    at Route.dispatch (/usr/local/lib/node_modules/json-server/node_modules/express/lib/router/route.js:112:3)
[0mPOST /todos [32m201 [0m5.159 ms - 42[0m
[0mPOST /todos [32m201 [0m9.788 ms - 45[0m
[0mPOST /todos [32m201 [0m9.562 ms - 33[0m
[0mPOST /todos [32m201 [0m9.325 ms - 34[0m
[0mPOST /todos [32m201 [0m10.906 ms - 34[0m
[0mPOST /todos [31m500 [0m7.585 ms - -[0m
  db.json has changed, reloading...

  Loading db.json
  Done

  Resources
  http://localhost:9095/todos

  Home
  http://localhost:9095

  db.json has changed, reloading...

  Loading db.json
  Done

  Resources
  http://localhost:9095/todos

  Home
  http://localhost:9095

  Error reading /home/loia5tqd001/Desktop/LearnWebCoderTokyo/HTMLBasic/TodoList/db.json
No data, empty input at 1:1

^
  Read error has been fixed :)
  db.json has changed, reloading...

  Loading db.json
  Done

  Resources
  http://localhost:9095/todos

  Home
  http://localhost:9095

[0mGET /todos [32m200 [0m3.601 ms - 2[0m
[0mDELETE /todos/undefined [33m404 [0m3.345 ms - 2[0m
[0mPOST /todos [32m201 [0m7.638 ms - 42[0m
Error: Insert failed, duplicate id
    at Function.insert (/usr/local/lib/node_modules/json-server/node_modules/lodash-id/src/index.js:49:18)
    at /usr/local/lib/node_modules/json-server/node_modules/lodash/lodash.js:4368:28
    at arrayReduce (/usr/local/lib/node_modules/json-server/node_modules/lodash/lodash.js:683:21)
    at baseWrapperValue (/usr/local/lib/node_modules/json-server/node_modules/lodash/lodash.js:4367:14)
    at LodashWrapper.wrapperValue (/usr/local/lib/node_modules/json-server/node_modules/lodash/lodash.js:9050:14)
    at create (/usr/local/lib/node_modules/json-server/lib/server/router/plural.js:235:48)
    at Layer.handle [as handle_request] (/usr/local/lib/node_modules/json-server/node_modules/express/lib/router/layer.js:95:5)
    at next (/usr/local/lib/node_modules/json-server/node_modules/express/lib/router/route.js:137:13)
    at next (/usr/local/lib/node_modules/json-server/node_modules/express/lib/router/route.js:131:14)
    at Route.dispatch (/usr/local/lib/node_modules/json-server/node_modules/express/lib/router/route.js:112:3)
[0mPOST /todos [32m201 [0m6.355 ms - 33[0m
[0mPOST /todos [32m201 [0m7.051 ms - 34[0m
[0mPOST /todos [32m201 [0m6.855 ms - 34[0m
[0mPOST /todos [32m201 [0m7.716 ms - 45[0m
[0mPOST /todos [31m500 [0m6.593 ms - -[0m
  db.json has changed, reloading...

  Loading db.json
  Done

  Resources
  http://localhost:9095/todos

  Home
  http://localhost:9095

  db.json has changed, reloading...

  Loading db.json
  Done

  Resources
  http://localhost:9095/todos

  Home
  http://localhost:9095

  Error reading /home/loia5tqd001/Desktop/LearnWebCoderTokyo/HTMLBasic/TodoList/db.json
No data, empty input at 1:1

^
  Read error has been fixed :)
  db.json has changed, reloading...

  Loading db.json
  Done

  Resources
  http://localhost:9095/todos

  Home
  http://localhost:9095

[0mGET /todos [32m200 [0m4.446 ms - 2[0m
[0mDELETE /todos/undefined [33m404 [0m5.789 ms - 2[0m
[0mPOST /todos [32m201 [0m2.832 ms - 42[0m
Error: Insert failed, duplicate id
    at Function.insert (/usr/local/lib/node_modules/json-server/node_modules/lodash-id/src/index.js:49:18)
    at /usr/local/lib/node_modules/json-server/node_modules/lodash/lodash.js:4368:28
    at arrayReduce (/usr/local/lib/node_modules/json-server/node_modules/lodash/lodash.js:683:21)
    at baseWrapperValue (/usr/local/lib/node_modules/json-server/node_modules/lodash/lodash.js:4367:14)
    at LodashWrapper.wrapperValue (/usr/local/lib/node_modules/json-server/node_modules/lodash/lodash.js:9050:14)
    at create (/usr/local/lib/node_modules/json-server/lib/server/router/plural.js:235:48)
    at Layer.handle [as handle_request] (/usr/local/lib/node_modules/json-server/node_modules/express/lib/router/layer.js:95:5)
    at next (/usr/local/lib/node_modules/json-server/node_modules/express/lib/router/route.js:137:13)
    at next (/usr/local/lib/node_modules/json-server/node_modules/express/lib/router/route.js:131:14)
    at Route.dispatch (/usr/local/lib/node_modules/json-server/node_modules/express/lib/router/route.js:112:3)
[0mPOST /todos [31m500 [0m4.931 ms - -[0m
[0mPOST /todos [32m201 [0m4.054 ms - 33[0m
[0mPOST /todos [32m201 [0m3.851 ms - 45[0m
  db.json has changed, reloading...

  Loading db.json
[0mPOST /todos [0m- [0m- ms - -[0m
[0mPOST /todos [0m- [0m- ms - -[0m
  Done

  Resources
  http://localhost:9095/todos

  Home
  http://localhost:9095

  db.json has changed, reloading...

  Loading db.json
  Done

  Resources
  http://localhost:9095/todos

  Home
  http://localhost:9095

  Error reading /home/loia5tqd001/Desktop/LearnWebCoderTokyo/HTMLBasic/TodoList/db.json
No data, empty input at 1:1

^
  Read error has been fixed :)
  db.json has changed, reloading...

  Loading db.json
  Done

  Resources
  http://localhost:9095/todos

  Home
  http://localhost:9095

[0mGET /todos [32m200 [0m3.083 ms - 2[0m
[0mDELETE /todos/undefined [33m404 [0m2.883 ms - 2[0m
[0mPOST /todos [32m201 [0m3.708 ms - 42[0m
Error: Insert failed, duplicate id
    at Function.insert (/usr/local/lib/node_modules/json-server/node_modules/lodash-id/src/index.js:49:18)
    at /usr/local/lib/node_modules/json-server/node_modules/lodash/lodash.js:4368:28
    at arrayReduce (/usr/local/lib/node_modules/json-server/node_modules/lodash/lodash.js:683:21)
    at baseWrapperValue (/usr/local/lib/node_modules/json-server/node_modules/lodash/lodash.js:4367:14)
    at LodashWrapper.wrapperValue (/usr/local/lib/node_modules/json-server/node_modules/lodash/lodash.js:9050:14)
    at create (/usr/local/lib/node_modules/json-server/lib/server/router/plural.js:235:48)
    at Layer.handle [as handle_request] (/usr/local/lib/node_modules/json-server/node_modules/express/lib/router/layer.js:95:5)
    at next (/usr/local/lib/node_modules/json-server/node_modules/express/lib/router/route.js:137:13)
    at next (/usr/local/lib/node_modules/json-server/node_modules/express/lib/router/route.js:131:14)
    at Route.dispatch (/usr/local/lib/node_modules/json-server/node_modules/express/lib/router/route.js:112:3)
[0mPOST /todos [32m201 [0m7.769 ms - 45[0m
[0mPOST /todos [32m201 [0m7.817 ms - 33[0m
[0mPOST /todos [32m201 [0m7.689 ms - 34[0m
[0mPOST /todos [32m201 [0m7.554 ms - 34[0m
[0mPOST /todos [31m500 [0m9.725 ms - -[0m
  db.json has changed, reloading...

  Loading db.json
  Done

  Resources
  http://localhost:9095/todos

  Home
  http://localhost:9095

  db.json has changed, reloading...

  Loading db.json
  Done

  Resources
  http://localhost:9095/todos

  Home
  http://localhost:9095

[0mGET /todos [32m200 [0m3.488 ms - 240[0m
[0mDELETE /todos/undefined [33m404 [0m3.175 ms - 2[0m
[0mPOST /todos [32m201 [0m3.644 ms - 42[0m
Error: Insert failed, duplicate id
    at Function.insert (/usr/local/lib/node_modules/json-server/node_modules/lodash-id/src/index.js:49:18)
    at /usr/local/lib/node_modules/json-server/node_modules/lodash/lodash.js:4368:28
    at arrayReduce (/usr/local/lib/node_modules/json-server/node_modules/lodash/lodash.js:683:21)
    at baseWrapperValue (/usr/local/lib/node_modules/json-server/node_modules/lodash/lodash.js:4367:14)
    at LodashWrapper.wrapperValue (/usr/local/lib/node_modules/json-server/node_modules/lodash/lodash.js:9050:14)
    at create (/usr/local/lib/node_modules/json-server/lib/server/router/plural.js:235:48)
    at Layer.handle [as handle_request] (/usr/local/lib/node_modules/json-server/node_modules/express/lib/router/layer.js:95:5)
    at next (/usr/local/lib/node_modules/json-server/node_modules/express/lib/router/route.js:137:13)
    at next (/usr/local/lib/node_modules/json-server/node_modules/express/lib/router/route.js:131:14)
    at Route.dispatch (/usr/local/lib/node_modules/json-server/node_modules/express/lib/router/route.js:112:3)
[0mPOST /todos [31m500 [0m3.131 ms - -[0m
Error: Insert failed, duplicate id
    at Function.insert (/usr/local/lib/node_modules/json-server/node_modules/lodash-id/src/index.js:49:18)
    at /usr/local/lib/node_modules/json-server/node_modules/lodash/lodash.js:4368:28
    at arrayReduce (/usr/local/lib/node_modules/json-server/node_modules/lodash/lodash.js:683:21)
    at baseWrapperValue (/usr/local/lib/node_modules/json-server/node_modules/lodash/lodash.js:4367:14)
    at LodashWrapper.wrapperValue (/usr/local/lib/node_modules/json-server/node_modules/lodash/lodash.js:9050:14)
    at create (/usr/local/lib/node_modules/json-server/lib/server/router/plural.js:235:48)
    at Layer.handle [as handle_request] (/usr/local/lib/node_modules/json-server/node_modules/express/lib/router/layer.js:95:5)
    at next (/usr/local/lib/node_modules/json-server/node_modules/express/lib/router/route.js:137:13)
    at next (/usr/local/lib/node_modules/json-server/node_modules/express/lib/router/route.js:131:14)
    at Route.dispatch (/usr/local/lib/node_modules/json-server/node_modules/express/lib/router/route.js:112:3)
Error: Insert failed, duplicate id
    at Function.insert (/usr/local/lib/node_modules/json-server/node_modules/lodash-id/src/index.js:49:18)
    at /usr/local/lib/node_modules/json-server/node_modules/lodash/lodash.js:4368:28
    at arrayReduce (/usr/local/lib/node_modules/json-server/node_modules/lodash/lodash.js:683:21)
    at baseWrapperValue (/usr/local/lib/node_modules/json-server/node_modules/lodash/lodash.js:4367:14)
    at LodashWrapper.wrapperValue (/usr/local/lib/node_modules/json-server/node_modules/lodash/lodash.js:9050:14)
    at create (/usr/local/lib/node_modules/json-server/lib/server/router/plural.js:235:48)
    at Layer.handle [as handle_request] (/usr/local/lib/node_modules/json-server/node_modules/express/lib/router/layer.js:95:5)
    at next (/usr/local/lib/node_modules/json-server/node_modules/express/lib/router/route.js:137:13)
    at next (/usr/local/lib/node_modules/json-server/node_modules/express/lib/router/route.js:131:14)
    at Route.dispatch (/usr/local/lib/node_modules/json-server/node_modules/express/lib/router/route.js:112:3)
Error: Insert failed, duplicate id
    at Function.insert (/usr/local/lib/node_modules/json-server/node_modules/lodash-id/src/index.js:49:18)
    at /usr/local/lib/node_modules/json-server/node_modules/lodash/lodash.js:4368:28
    at arrayReduce (/usr/local/lib/node_modules/json-server/node_modules/lodash/lodash.js:683:21)
    at baseWrapperValue (/usr/local/lib/node_modules/json-server/node_modules/lodash/lodash.js:4367:14)
    at LodashWrapper.wrapperValue (/usr/local/lib/node_modules/json-server/node_modules/lodash/lodash.js:9050:14)
    at create (/usr/local/lib/node_modules/json-server/lib/server/router/plural.js:235:48)
    at Layer.handle [as handle_request] (/usr/local/lib/node_modules/json-server/node_modules/express/lib/router/layer.js:95:5)
    at next (/usr/local/lib/node_modules/json-server/node_modules/express/lib/router/route.js:137:13)
    at next (/usr/local/lib/node_modules/json-server/node_modules/express/lib/router/route.js:131:14)
    at Route.dispatch (/usr/local/lib/node_modules/json-server/node_modules/express/lib/router/route.js:112:3)
[0mPOST /todos [31m500 [0m3.716 ms - -[0m
[0mPOST /todos [31m500 [0m3.936 ms - -[0m
[0mPOST /todos [31m500 [0m4.160 ms - -[0m
[0mGET /todos [32m200 [0m3.108 ms - 292[0m
[0mDELETE /todos/undefined [33m404 [0m2.074 ms - 2[0m
Error: Insert failed, duplicate id
    at Function.insert (/usr/local/lib/node_modules/json-server/node_modules/lodash-id/src/index.js:49:18)
    at /usr/local/lib/node_modules/json-server/node_modules/lodash/lodash.js:4368:28
    at arrayReduce (/usr/local/lib/node_modules/json-server/node_modules/lodash/lodash.js:683:21)
    at baseWrapperValue (/usr/local/lib/node_modules/json-server/node_modules/lodash/lodash.js:4367:14)
    at LodashWrapper.wrapperValue (/usr/local/lib/node_modules/json-server/node_modules/lodash/lodash.js:9050:14)
    at create (/usr/local/lib/node_modules/json-server/lib/server/router/plural.js:235:48)
    at Layer.handle [as handle_request] (/usr/local/lib/node_modules/json-server/node_modules/express/lib/router/layer.js:95:5)
    at next (/usr/local/lib/node_modules/json-server/node_modules/express/lib/router/route.js:137:13)
    at next (/usr/local/lib/node_modules/json-server/node_modules/express/lib/router/route.js:131:14)
    at Route.dispatch (/usr/local/lib/node_modules/json-server/node_modules/express/lib/router/route.js:112:3)
Error: Insert failed, duplicate id
    at Function.insert (/usr/local/lib/node_modules/json-server/node_modules/lodash-id/src/index.js:49:18)
    at /usr/local/lib/node_modules/json-server/node_modules/lodash/lodash.js:4368:28
    at arrayReduce (/usr/local/lib/node_modules/json-server/node_modules/lodash/lodash.js:683:21)
    at baseWrapperValue (/usr/local/lib/node_modules/json-server/node_modules/lodash/lodash.js:4367:14)
    at LodashWrapper.wrapperValue (/usr/local/lib/node_modules/json-server/node_modules/lodash/lodash.js:9050:14)
    at create (/usr/local/lib/node_modules/json-server/lib/server/router/plural.js:235:48)
    at Layer.handle [as handle_request] (/usr/local/lib/node_modules/json-server/node_modules/express/lib/router/layer.js:95:5)
    at next (/usr/local/lib/node_modules/json-server/node_modules/express/lib/router/route.js:137:13)
    at next (/usr/local/lib/node_modules/json-server/node_modules/express/lib/router/route.js:131:14)
    at Route.dispatch (/usr/local/lib/node_modules/json-server/node_modules/express/lib/router/route.js:112:3)
Error: Insert failed, duplicate id
    at Function.insert (/usr/local/lib/node_modules/json-server/node_modules/lodash-id/src/index.js:49:18)
    at /usr/local/lib/node_modules/json-server/node_modules/lodash/lodash.js:4368:28
    at arrayReduce (/usr/local/lib/node_modules/json-server/node_modules/lodash/lodash.js:683:21)
    at baseWrapperValue (/usr/local/lib/node_modules/json-server/node_modules/lodash/lodash.js:4367:14)
    at LodashWrapper.wrapperValue (/usr/local/lib/node_modules/json-server/node_modules/lodash/lodash.js:9050:14)
    at create (/usr/local/lib/node_modules/json-server/lib/server/router/plural.js:235:48)
    at Layer.handle [as handle_request] (/usr/local/lib/node_modules/json-server/node_modules/express/lib/router/layer.js:95:5)
    at next (/usr/local/lib/node_modules/json-server/node_modules/express/lib/router/route.js:137:13)
    at next (/usr/local/lib/node_modules/json-server/node_modules/express/lib/router/route.js:131:14)
    at Route.dispatch (/usr/local/lib/node_modules/json-server/node_modules/express/lib/router/route.js:112:3)
[0mPOST /todos [32m201 [0m4.517 ms - 42[0m
Error: Insert failed, duplicate id
    at Function.insert (/usr/local/lib/node_modules/json-server/node_modules/lodash-id/src/index.js:49:18)
    at /usr/local/lib/node_modules/json-server/node_modules/lodash/lodash.js:4368:28
    at arrayReduce (/usr/local/lib/node_modules/json-server/node_modules/lodash/lodash.js:683:21)
    at baseWrapperValue (/usr/local/lib/node_modules/json-server/node_modules/lodash/lodash.js:4367:14)
    at LodashWrapper.wrapperValue (/usr/local/lib/node_modules/json-server/node_modules/lodash/lodash.js:9050:14)
    at create (/usr/local/lib/node_modules/json-server/lib/server/router/plural.js:235:48)
    at Layer.handle [as handle_request] (/usr/local/lib/node_modules/json-server/node_modules/express/lib/router/layer.js:95:5)
    at next (/usr/local/lib/node_modules/json-server/node_modules/express/lib/router/route.js:137:13)
    at next (/usr/local/lib/node_modules/json-server/node_modules/express/lib/router/route.js:131:14)
    at Route.dispatch (/usr/local/lib/node_modules/json-server/node_modules/express/lib/router/route.js:112:3)
[0mPOST /todos [31m500 [0m4.614 ms - -[0m
[0mPOST /todos [31m500 [0m4.860 ms - -[0m
[0mPOST /todos [31m500 [0m5.114 ms - -[0m
[0mPOST /todos [31m500 [0m5.947 ms - -[0m
